<?xml version="1.0" encoding="UTF-8" ?>
<!DOCTYPE struts PUBLIC
	"-//Apache Software Foundation//DTD Struts Configuration 2.3//EN"
	"http://struts.apache.org/dtds/struts-2.3.dtd">

<struts>
	<package name="test" namespace="/" extends="json-default">
		<action name="test_*" class="com.poobo.test.action.TestAction" method="{1}">
			<result name="{1}">/WEB-INF/jsp/test/{1}.jsp</result>
			 <result type="json" name="success">
                <param name="contentType">
                    text/html
                </param>
            </result>
            <result type="json" name="error">
                <param name="contentType">
                    text/html
                </param>
            </result>
		</action>
	</package>

           
</struts>
